<?xml version="1.0" encoding="UTF-8"?>
<!-- Generated by org.testng.reporters.JUnitReportReporter -->
<testsuite hostname="DESKTOP-FLUNI64" failures="0" tests="9" name="com.orangehrm.qa.testcases.AboutPageTest" time="289.721" errors="0" timestamp="2024-12-11T11:54:26 IST" skipped="0">
  <testcase classname="com.orangehrm.qa.testcases.AboutPageTest" name="aboutHeaderTest" time="30.884"/>
  <system-out/>
  <testcase classname="com.orangehrm.qa.testcases.AboutPageTest" name="aboutCompanyNameTest" time="23.800"/>
  <system-out/>
  <testcase classname="com.orangehrm.qa.testcases.AboutPageTest" name="aboutVersionTest" time="45.924"/>
  <system-out/>
  <testcase classname="com.orangehrm.qa.testcases.AboutPageTest" name="aboutActiveEmployeesTest" time="21.597"/>
  <system-out/>
  <testcase classname="com.orangehrm.qa.testcases.AboutPageTest" name="aboutEmployeesTerminatedTest" time="27.468"/>
  <system-out/>
  <testcase classname="com.orangehrm.qa.testcases.AboutPageTest" name="aboutCompanyNameValueTest" time="35.627"/>
  <system-out/>
  <testcase classname="com.orangehrm.qa.testcases.AboutPageTest" name="aboutVersionValueTest" time="37.475"/>
  <system-out/>
  <testcase classname="com.orangehrm.qa.testcases.AboutPageTest" name="aboutActiveEmployeesValueTest" time="29.078"/>
  <system-out/>
  <testcase classname="com.orangehrm.qa.testcases.AboutPageTest" name="aboutEmployeesTerminatedValueTest" time="37.868"/>
  <system-out/>
</testsuite> <!-- com.orangehrm.qa.testcases.AboutPageTest -->
