<?xml version="1.0" encoding="UTF-8"?>
<!-- Generated by org.testng.reporters.JUnitReportReporter -->
<testsuite hostname="DESKTOP-FLUNI64" failures="0" tests="6" name="com.orangehrm.qa.testcases.SupportPageTest" time="224.241" errors="0" timestamp="2024-12-11T11:54:26 IST" skipped="0">
  <testcase classname="com.orangehrm.qa.testcases.SupportPageTest" name="supportDescriptionTest" time="37.562"/>
  <system-out/>
  <testcase classname="com.orangehrm.qa.testcases.SupportPageTest" name="supportInformationTest" time="35.965"/>
  <system-out/>
  <testcase classname="com.orangehrm.qa.testcases.SupportPageTest" name="supportConnactSupportTest" time="30.711"/>
  <system-out/>
  <testcase classname="com.orangehrm.qa.testcases.SupportPageTest" name="supportversionTest" time="34.743"/>
  <system-out/>
  <testcase classname="com.orangehrm.qa.testcases.SupportPageTest" name="supportCopyrightsTest" time="35.028"/>
  <system-out/>
  <testcase classname="com.orangehrm.qa.testcases.SupportPageTest" name="supportMainWebsiteTest" time="50.232"/>
  <system-out/>
</testsuite> <!-- com.orangehrm.qa.testcases.SupportPageTest -->
