<?xml version="1.0" encoding="UTF-8"?>
<!-- Generated by org.testng.reporters.JUnitReportReporter -->
<testsuite hostname="DESKTOP-FLUNI64" failures="0" tests="14" name="com.orangehrm.qa.testcases.LoginPageTest" time="218.687" errors="0" timestamp="2024-12-11T11:54:26 IST" skipped="0">
  <testcase classname="com.orangehrm.qa.testcases.LoginPageTest" name="validateBrandLogoTest" time="13.343"/>
  <system-out/>
  <testcase classname="com.orangehrm.qa.testcases.LoginPageTest" name="validateLogoHeaderTest" time="12.400"/>
  <system-out/>
  <testcase classname="com.orangehrm.qa.testcases.LoginPageTest" name="validateDemoUserTest" time="13.409"/>
  <system-out/>
  <testcase classname="com.orangehrm.qa.testcases.LoginPageTest" name="validateDemoPasswordTest" time="13.151"/>
  <system-out/>
  <testcase classname="com.orangehrm.qa.testcases.LoginPageTest" name="validateIconUserTest" time="18.504"/>
  <system-out/>
  <testcase classname="com.orangehrm.qa.testcases.LoginPageTest" name="validateIconPersonTest" time="14.872"/>
  <system-out/>
  <testcase classname="com.orangehrm.qa.testcases.LoginPageTest" name="validateViewUsernameTest" time="13.260"/>
  <system-out/>
  <testcase classname="com.orangehrm.qa.testcases.LoginPageTest" name="validateViewPasswordTest" time="15.137"/>
  <system-out/>
  <testcase classname="com.orangehrm.qa.testcases.LoginPageTest" name="validateViewVersionTest" time="14.683"/>
  <system-out/>
  <testcase classname="com.orangehrm.qa.testcases.LoginPageTest" name="validateViewCopyRightsTest" time="12.571"/>
  <system-out/>
  <testcase classname="com.orangehrm.qa.testcases.LoginPageTest" name="validateViewSocialLinksTest" time="12.144"/>
  <system-out/>
  <testcase classname="com.orangehrm.qa.testcases.LoginPageTest" name="clickOnForgtPasswordLinkTest" time="15.563"/>
  <system-out/>
  <testcase classname="com.orangehrm.qa.testcases.LoginPageTest" name="clickOrangehrmWebsiteTest" time="31.296"/>
  <system-out/>
  <testcase classname="com.orangehrm.qa.testcases.LoginPageTest" name="verifyLoginTest" time="18.354"/>
  <system-out/>
</testsuite> <!-- com.orangehrm.qa.testcases.LoginPageTest -->
